c:\users\hjhh\downloads\sofmainfnbasev5\sofmainfnbasev5\priv driver\fuse driver\driver\intermediate directory\vc145.pdb
c:\users\hjhh\downloads\sofmainfnbasev5\sofmainfnbasev5\priv driver\fuse driver\driver\intermediate directory\project_utility.obj
c:\users\hjhh\downloads\sofmainfnbasev5\sofmainfnbasev5\priv driver\fuse driver\driver\intermediate directory\physmem.obj
c:\users\hjhh\downloads\sofmainfnbasev5\sofmainfnbasev5\priv driver\fuse driver\driver\intermediate directory\offset_resolver.obj
c:\users\hjhh\downloads\sofmainfnbasev5\sofmainfnbasev5\priv driver\fuse driver\driver\intermediate directory\logging.obj
c:\users\hjhh\downloads\sofmainfnbasev5\sofmainfnbasev5\priv driver\fuse driver\driver\intermediate directory\interrupts.obj
c:\users\hjhh\downloads\sofmainfnbasev5\sofmainfnbasev5\priv driver\fuse driver\driver\intermediate directory\cr3_decryption.obj
c:\users\hjhh\downloads\sofmainfnbasev5\sofmainfnbasev5\priv driver\fuse driver\driver\intermediate directory\handler.obj
c:\users\hjhh\downloads\sofmainfnbasev5\sofmainfnbasev5\priv driver\fuse driver\driver\intermediate directory\communication.obj
c:\users\hjhh\downloads\sofmainfnbasev5\sofmainfnbasev5\priv driver\fuse driver\driver\intermediate directory\main.obj
c:\users\hjhh\downloads\sofmainfnbasev5\sofmainfnbasev5\priv driver\fuse driver\output directory\roseware_driver.sys
c:\users\hjhh\downloads\sofmainfnbasev5\sofmainfnbasev5\priv driver\fuse driver\output directory\roseware_driver.pdb
c:\users\hjhh\downloads\sofmainfnbasev5\sofmainfnbasev5\priv driver\fuse driver\driver\intermediate directory\comm_assembly.obj
c:\users\hjhh\downloads\sofmainfnbasev5\sofmainfnbasev5\priv driver\fuse driver\driver\intermediate directory\interrupts_asm.obj
c:\users\hjhh\downloads\sofmainfnbasev5\sofmainfnbasev5\priv driver\fuse driver\driver\intermediate directory\roseware_driver.tlog\cl.command.1.tlog
c:\users\hjhh\downloads\sofmainfnbasev5\sofmainfnbasev5\priv driver\fuse driver\driver\intermediate directory\roseware_driver.tlog\cl.items.tlog
c:\users\hjhh\downloads\sofmainfnbasev5\sofmainfnbasev5\priv driver\fuse driver\driver\intermediate directory\roseware_driver.tlog\cl.read.1.tlog
c:\users\hjhh\downloads\sofmainfnbasev5\sofmainfnbasev5\priv driver\fuse driver\driver\intermediate directory\roseware_driver.tlog\cl.write.1.tlog
c:\users\hjhh\downloads\sofmainfnbasev5\sofmainfnbasev5\priv driver\fuse driver\driver\intermediate directory\roseware_driver.tlog\link.command.1.tlog
c:\users\hjhh\downloads\sofmainfnbasev5\sofmainfnbasev5\priv driver\fuse driver\driver\intermediate directory\roseware_driver.tlog\link.read.1.tlog
c:\users\hjhh\downloads\sofmainfnbasev5\sofmainfnbasev5\priv driver\fuse driver\driver\intermediate directory\roseware_driver.tlog\link.secondary.1.tlog
c:\users\hjhh\downloads\sofmainfnbasev5\sofmainfnbasev5\priv driver\fuse driver\driver\intermediate directory\roseware_driver.tlog\link.write.1.tlog
c:\users\hjhh\downloads\sofmainfnbasev5\sofmainfnbasev5\priv driver\fuse driver\driver\intermediate directory\roseware_driver.tlog\masm.read.1u.tlog
c:\users\hjhh\downloads\sofmainfnbasev5\sofmainfnbasev5\priv driver\fuse driver\driver\intermediate directory\roseware_driver.tlog\masm.write.1u.tlog
